INFO:__main__:Imperviousness for: 35_4_op_2024_small.jpg
INFO:__main__:Color contribution for area near trees
INFO:__main__:#FFFFFF: nan percent
INFO:__main__:#DE1F07: nan percent
INFO:__main__:#949494: nan percent
INFO:__main__:other: nan percent
INFO:__main__:Color contribution for total area
INFO:__main__:#FFFFFF: 0.00% of the total image area
INFO:__main__:#DE1F07: 0.00% of the total image area
INFO:__main__:#949494: 0.00% of the total image area
INFO:__main__:other: 0.00% of the total image area
INFO:__main__:differences len: 0
INFO:__main__:Imperviousness for: 35_4_op_2024_small.jpg
INFO:__main__:Color contribution for area near trees
INFO:__main__:#FFFFFF: nan percent
INFO:__main__:#DE1F07: nan percent
INFO:__main__:#949494: nan percent
INFO:__main__:other: nan percent
INFO:__main__:Color contribution for total area
INFO:__main__:#FFFFFF: 0.00% of the total image area
INFO:__main__:#DE1F07: 0.00% of the total image area
INFO:__main__:#949494: 0.00% of the total image area
INFO:__main__:other: 0.00% of the total image area
INFO:__main__:image array len: 4167
INFO:__main__:differences len: 0
INFO:__main__:Imperviousness for: 35_4_op_2024_small.jpg
INFO:__main__:Color contribution for area near trees
INFO:__main__:#FFFFFF: nan percent
INFO:__main__:#DE1F07: nan percent
INFO:__main__:#949494: nan percent
INFO:__main__:other: nan percent
INFO:__main__:Color contribution for total area
INFO:__main__:#FFFFFF: 0.00% of the total image area
INFO:__main__:#DE1F07: 0.00% of the total image area
INFO:__main__:#949494: 0.00% of the total image area
INFO:__main__:other: 0.00% of the total image area
INFO:__main__:differences len: 0
INFO:__main__:Imperviousness for: 35_4_op_2024_small.jpg
INFO:__main__:Color contribution for area near trees
INFO:__main__:#FFFFFF: nan percent
INFO:__main__:#DE1F07: nan percent
INFO:__main__:#949494: nan percent
INFO:__main__:other: nan percent
INFO:__main__:Color contribution for total area
INFO:__main__:#FFFFFF: 0.00% of the total image area
INFO:__main__:#DE1F07: 0.00% of the total image area
INFO:__main__:#949494: 0.00% of the total image area
INFO:__main__:other: 0.00% of the total image area
INFO:__main__:differences len: 0
INFO:__main__:Imperviousness for: 35_4_op_2024_small.jpg
INFO:__main__:Color contribution for area near trees
INFO:__main__:#FFFFFF: nan percent
INFO:__main__:#DE1F07: nan percent
INFO:__main__:#949494: nan percent
INFO:__main__:other: nan percent
INFO:__main__:Color contribution for total area
INFO:__main__:#FFFFFF: 0.00% of the total image area
INFO:__main__:#DE1F07: 0.00% of the total image area
INFO:__main__:#949494: 0.00% of the total image area
INFO:__main__:other: 0.00% of the total image area
INFO:__main__:differences len: 1652
INFO:__main__:Imperviousness for: 35_4_op_2024_small.jpg
INFO:__main__:Color contribution for area near trees
INFO:__main__:#FFFFFF: 0.88 percent
INFO:__main__:#DE1F07: 0.00 percent
INFO:__main__:#949494: 0.96 percent
INFO:__main__:other: 98.16 percent
INFO:__main__:Color contribution for total area
INFO:__main__:#FFFFFF: 0.03% of the total image area
INFO:__main__:#DE1F07: 0.00% of the total image area
INFO:__main__:#949494: 0.03% of the total image area
INFO:__main__:other: 3.30% of the total image area
INFO:__main__:Imperviousness for: 35_4_op_2024_small.jpg
INFO:__main__:Color contribution for area near trees
INFO:__main__:#FFFFFF: 0.88 percent
INFO:__main__:#DE1F07: 0.00 percent
INFO:__main__:#949494: 0.96 percent
INFO:__main__:other: 98.16 percent
INFO:__main__:Color contribution for total area
INFO:__main__:#FFFFFF: 0.03% of the total image area
INFO:__main__:#DE1F07: 0.00% of the total image area
INFO:__main__:#949494: 0.03% of the total image area
INFO:__main__:other: 3.30% of the total image area
INFO:__main__:Total imperviousness: 0.06177763518299395
INFO:__main__:Imperviousness for: 35_4_op_2024_small.jpg
INFO:__main__:Color contribution for area near trees
INFO:__main__:#FFFFFF: 0.88 percent
INFO:__main__:#DE1F07: 0.00 percent
INFO:__main__:#949494: 0.96 percent
INFO:__main__:other: 98.16 percent
INFO:__main__:Color contribution for total area
INFO:__main__:#FFFFFF: 0.03% of the total image area
INFO:__main__:#DE1F07: 0.00% of the total image area
INFO:__main__:#949494: 0.03% of the total image area
INFO:__main__:other: 3.30% of the total image area
INFO:__main__:Total imperviousness: 0.06177763518299395
INFO:__main__:Imperviousness for: 35_4_op_2024_small.jpg
INFO:__main__:Color contribution for area near trees
INFO:__main__:#FFFFFF: 0.88 percent
INFO:__main__:#DE1F07: 0.00 percent
INFO:__main__:#949494: 0.96 percent
INFO:__main__:other: 98.16 percent
INFO:__main__:Color contribution for total area
INFO:__main__:#FFFFFF: 0.03% of the total image area
INFO:__main__:#DE1F07: 0.00% of the total image area
INFO:__main__:#949494: 0.03% of the total image area
INFO:__main__:other: 3.30% of the total image area
INFO:__main__:Total imperviousness: 0.06177763518299395
INFO:__main__:Imperviousness for: 35_4_op_2024_small.jpg
INFO:__main__:Color contribution for area near trees
INFO:__main__:#FFFFFF: 0.88 percent
INFO:__main__:#DE1F07: 0.00 percent
INFO:__main__:#949494: 0.96 percent
INFO:__main__:other: 98.16 percent
INFO:__main__:Color contribution for total area
INFO:__main__:#FFFFFF: 0.03% of the total image area
INFO:__main__:#DE1F07: 0.00% of the total image area
INFO:__main__:#949494: 0.03% of the total image area
INFO:__main__:other: 3.30% of the total image area
INFO:__main__:Total imperviousness: 0.06177763518299395
INFO:__main__:Imperviousness for: 35_4_op_2024_small.jpg
INFO:__main__:Color contribution for area near trees
INFO:__main__:#FFFFFF: 0.88 percent
INFO:__main__:#DE1F07: 0.00 percent
INFO:__main__:#949494: 0.96 percent
INFO:__main__:other: 98.16 percent
INFO:__main__:Color contribution for total area
INFO:__main__:#FFFFFF: 0.03% of the total image area
INFO:__main__:#DE1F07: 0.00% of the total image area
INFO:__main__:#949494: 0.03% of the total image area
INFO:__main__:other: 3.30% of the total image area
INFO:__main__:Total imperviousness: 0.06177763518299395
